<?xml version="1.0" encoding="UTF-8"?>
<!-- Generated by org.testng.reporters.JUnitReportReporter -->
<testsuite skipped="0" hostname="DESKTOP-2F9I86H" name="TestCases.HomeTest" tests="1" failures="0" timestamp="2020-04-20T13:15:44 IST" time="4.078" errors="0">
  <testcase name="logOutApp" time="4.078" classname="TestCases.HomeTest"/>
</testsuite> <!-- TestCases.HomeTest -->
